c:\users\dylew\desktop\realengine\realengine\x64\debug\vc143.pdb
c:\users\dylew\desktop\realengine\realengine\x64\debug\vc143.idb
c:\users\dylew\desktop\realengine\realengine\x64\debug\log.obj
c:\users\dylew\desktop\realengine\realengine\x64\debug\platformspecificlayer.obj
c:\users\dylew\desktop\realengine\realengine\x64\debug\layer.obj
c:\users\dylew\desktop\realengine\realengine\x64\debug\events.obj
c:\users\dylew\desktop\realengine\realengine\x64\debug\coreapplication.obj
c:\users\dylew\desktop\realengine\realengine\x64\debug\application.obj
c:\users\dylew\desktop\realengine\realengine\x64\debug\glfwlayer.obj
c:\users\dylew\desktop\realengine\realengine\x64\debug\opengllayer.obj
c:\users\dylew\desktop\realengine\x64\debug\realengine.exe
c:\users\dylew\desktop\realengine\x64\debug\realengine.pdb
c:\users\dylew\desktop\realengine\realengine\x64\debug\realengine.ilk
c:\users\dylew\desktop\realengine\realengine\x64\debug\realpch.obj
c:\users\dylew\desktop\realengine\realengine\x64\debug\realengine.pch
c:\users\dylew\desktop\realengine\realengine\x64\debug\realengine.tlog\cl.command.1.tlog
c:\users\dylew\desktop\realengine\realengine\x64\debug\realengine.tlog\cl.items.tlog
c:\users\dylew\desktop\realengine\realengine\x64\debug\realengine.tlog\cl.read.1.tlog
c:\users\dylew\desktop\realengine\realengine\x64\debug\realengine.tlog\cl.write.1.tlog
c:\users\dylew\desktop\realengine\realengine\x64\debug\realengine.tlog\link-cvtres.read.1.tlog
c:\users\dylew\desktop\realengine\realengine\x64\debug\realengine.tlog\link-cvtres.write.1.tlog
c:\users\dylew\desktop\realengine\realengine\x64\debug\realengine.tlog\link-rc.read.1.tlog
c:\users\dylew\desktop\realengine\realengine\x64\debug\realengine.tlog\link-rc.write.1.tlog
c:\users\dylew\desktop\realengine\realengine\x64\debug\realengine.tlog\link.42744-cvtres.read.1.tlog
c:\users\dylew\desktop\realengine\realengine\x64\debug\realengine.tlog\link.42744-cvtres.write.1.tlog
c:\users\dylew\desktop\realengine\realengine\x64\debug\realengine.tlog\link.42744-rc.read.1.tlog
c:\users\dylew\desktop\realengine\realengine\x64\debug\realengine.tlog\link.42744-rc.write.1.tlog
c:\users\dylew\desktop\realengine\realengine\x64\debug\realengine.tlog\link.42744.read.1.tlog
c:\users\dylew\desktop\realengine\realengine\x64\debug\realengine.tlog\link.42744.read.2.tlog
c:\users\dylew\desktop\realengine\realengine\x64\debug\realengine.tlog\link.42744.write.1.tlog
c:\users\dylew\desktop\realengine\realengine\x64\debug\realengine.tlog\link.command.1.tlog
c:\users\dylew\desktop\realengine\realengine\x64\debug\realengine.tlog\link.read.1.tlog
c:\users\dylew\desktop\realengine\realengine\x64\debug\realengine.tlog\link.read.2.tlog
c:\users\dylew\desktop\realengine\realengine\x64\debug\realengine.tlog\link.secondary.1.tlog
c:\users\dylew\desktop\realengine\realengine\x64\debug\realengine.tlog\link.write.1.tlog
